<?xml version="1.0" encoding="utf-8"?><testsuites name="pytest tests"><testsuite name="pytest" errors="0" failures="0" skipped="4" tests="247" time="51.051" timestamp="2026-09-10T10:32:51.052220+09:00" hostname="DESKTOP-AV6JD3E"><testcase classname="backend.tests.test_answer_agent" name="test_answer_agent_does_not_make_up_answer_without_evidence" time="0.002" /><testcase classname="backend.tests.test_answer_agent" name="test_answer_agent_summarizes_evidence_counts" time="0.001" /><testcase classname="backend.tests.test_api" name="test_health_returns_backend_status" time="0.012" /><testcase classname="backend.tests.test_api" name="test_legal_question_uses_public_contract" time="0.022" /><testcase classname="backend.tests.test_conversation_service" name="test_save_completed_analysis_saves_question_answer_and_source" time="0.002" /><testcase classname="backend.tests.test_conversation_service" name="test_save_analysis_response_collects_all_evidence_types" time="0.001" /><testcase classname="backend.tests.test_conversation_service" name="test_build_context_keeps_first_and_recent_messages" time="0.003" /><testcase classname="backend.tests.test_conversation_service" name="test_save_if_not_selected_does_not_write_to_database" time="0.001" /><testcase classname="backend.tests.test_conversation_service" name="test_save_if_selected_saves_analysis" time="0.001" /><testcase classname="backend.tests.test_conversation_service" name="test_get_conversation_for_actor_checks_ownership" time="0.002" /><testcase classname="backend.tests.test_db_auth" name="test_auth_service_verifies_hash_and_active_member" time="1.249" /><testcase classname="backend.tests.test_db_auth" name="test_db_register_and_login_issue_opaque_session" time="1.373" /><testcase classname="backend.tests.test_db_auth" name="test_db_session_resolves_actor_from_users_table" time="0.392" /><testcase classname="backend.tests.test_db_auth" name="test_mock_demo_login_remains_available_when_mock_mode_enabled" time="0.387" /><testcase classname="backend.tests.test_guest_session_service" name="test_guest_history_is_ttl_bound_and_never_uses_a_database" time="0.006" /><testcase classname="backend.tests.test_guest_session_service" name="test_guest_history_replaces_a_retry_with_the_same_run_id" time="0.005" /><testcase classname="backend.tests.test_intake_agent" name="test_representative_questions_continue_to_search[housing-\uc8fc\ud0dd \uc784\ub300\ucc28 \uacc4\uc57d\uc774 \ub05d\ub0ac\ub294\ub370 \uc784\ub300\uc778\uc774 \ubcf4\uc99d\uae08\uc744 \ub3cc\ub824\uc8fc\uc9c0 \uc54a\uc2b5\ub2c8\ub2e4. \uc5b4\ub5a4 \ubc95 \uc870\ubb38\uc744 \ud655\uc778\ud574\uc57c \ud558\ub098\uc694?]" time="0.006" /><testcase classname="backend.tests.test_intake_agent" name="test_representative_questions_continue_to_search[labor-\ud1f4\uc9c1\ud588\ub294\ub370 \ud68c\uc0ac\uac00 \ud1f4\uc9c1\uae08\uc744 \uc9c0\uae09\ud558\uc9c0 \uc54a\uc2b5\ub2c8\ub2e4. \ud1f4\uc9c1\uae08 \uc9c0\uae09 \uae30\ud55c\uacfc \uad00\ub828 \ubc95 \uc870\ubb38\uc744 \uc54c\ub824\uc8fc\uc138\uc694.]" time="0.006" /><testcase classname="backend.tests.test_intake_agent" name="test_representative_questions_continue_to_search[consumer-\uc2e0\uc6a9\uce74\ub4dc \uc77c\uc2dc\ubd88 \uacb0\uc81c \ud6c4 \ud560\ubd80\ub85c \uc804\ud658\ud588\ub294\ub370 \ubb3c\uac74\uc774 \ubc30\uc1a1\ub418\uc9c0 \uc54a\uc558\uc2b5\ub2c8\ub2e4. \uce74\ub4dc\uc0ac\uc5d0 \ud560\ubd80\ud56d\ubcc0\uad8c\uc744 \ud589\uc0ac\ud560 \uc218 \uc788\ub098\uc694?]" time="0.004" /><testcase classname="backend.tests.test_intake_agent" name="test_vague_question_needs_clarification" time="0.003" /><testcase classname="backend.tests.test_intake_agent" name="test_invalid_output_retries_only_once" time="0.005" /><testcase classname="backend.tests.test_intake_agent" name="test_general_law_question_returns_complete_optional_checks" time="0.003" /><testcase classname="backend.tests.test_intake_agent" name="test_partial_checks_are_retried_as_invalid_structured_output" time="0.003" /><testcase classname="backend.tests.test_intake_agent" name="test_follow_up_request_is_assessed_again_without_repeating_the_original_question" time="0.003" /><testcase classname="backend.tests.test_intake_agent" name="test_timeout_is_not_disguised_as_clarification" time="0.055" /><testcase classname="backend.tests.test_integration_router" name="test_legal_mcp_status_reports_initialization_and_tools" time="0.007" /><testcase classname="backend.tests.test_legal_mcp_client" name="test_search_legal_documents_uses_default_document_types" time="0.002" /><testcase classname="backend.tests.test_legal_mcp_client" name="test_search_consultations_calls_consultation_tool" time="0.003" /><testcase classname="backend.tests.test_legal_mcp_client" name="test_search_laws_calls_law_tool" time="0.002" /><testcase classname="backend.tests.test_legal_mcp_runtime" name="test_labor_runtime_retries_with_documents_when_cases_are_insufficient" time="0.002" /><testcase classname="backend.tests.test_legal_mcp_runtime" name="test_labor_runtime_raises_error_when_mcp_fails" time="0.002" /><testcase classname="backend.tests.test_legal_mcp_runtime" name="test_real_mode_uses_agent_runtime_response" time="0.007" /><testcase classname="backend.tests.test_legal_mcp_runtime" name="test_housing_runtime_can_use_common_search_cases" time="0.003" /><testcase classname="backend.tests.test_legal_mcp_runtime" name="test_consumer_runtime_returns_three_results_for_each_evidence_type" time="0.002" /><testcase classname="backend.tests.test_legal_mcp_runtime" name="test_runtime_reports_actual_tool_start_and_completion" time="0.002" /><testcase classname="backend.tests.test_legal_question_service" name="test_consumer_response_places_consultations_in_separate_list" time="0.003" /><testcase classname="backend.tests.test_legal_question_service" name="test_incomplete_question_skips_mcp_search" time="0.004" /><testcase classname="backend.tests.test_legal_search_api" name="test_law_search_runs_law_tool_and_returns_evidence" time="0.008" /><testcase classname="backend.tests.test_legal_search_api" name="test_case_search_returns_empty_array_when_no_result" time="0.007" /><testcase classname="backend.tests.test_legal_search_api" name="test_consultation_search_returns_mcp_error" time="0.008" /><testcase classname="backend.tests.test_legal_search_api" name="test_search_rejects_whitespace_only_query" time="0.006" /><testcase classname="backend.tests.test_legal_term_chat_service" name="test_term_chat_uses_legal_term_persona_and_structured_output" time="0.004" /><testcase classname="backend.tests.test_legal_term_chat_service" name="test_non_term_question_is_redirected_without_a_case_judgment" time="0.003" /><testcase classname="backend.tests.test_legal_term_chat_service" name="test_mock_provider_does_not_claim_to_have_generated_an_llm_answer" time="0.002" /><testcase classname="backend.tests.test_legal_term_chat_service" name="test_member_term_chat_saves_using_authenticated_users_id" time="0.002" /><testcase classname="backend.tests.test_legal_term_chat_service" name="test_guest_term_context_is_temporary_and_limited" time="0.003" /><testcase classname="backend.tests.test_llm_answer_service" name="test_answer_with_llm_accepts_retrieved_evidence_only" time="0.003" /><testcase classname="backend.tests.test_llm_answer_service" name="test_answer_with_llm_falls_back_when_citation_is_not_retrieved" time="0.004" /><testcase classname="backend.tests.test_mock_api" name="test_demo_auth_and_admin_faq_authorization" time="0.888" /><testcase classname="backend.tests.test_mock_api" name="test_private_question_is_hidden_from_other_guest_and_public_question_is_open" time="0.836" /><testcase classname="backend.tests.test_mock_api" name="test_comments_notifications_and_owner_rules" time="0.708" /><testcase classname="backend.tests.test_mock_api" name="test_legal_idempotency_returns_first_result" time="0.010" /><testcase classname="backend.tests.test_mock_api" name="test_legal_analysis_saves_only_when_user_selects_it" time="0.006" /><testcase classname="backend.tests.test_mock_api" name="test_validation_envelope_has_request_id" time="0.008" /><testcase classname="backend.tests.test_mock_api" name="test_admin_can_delete_any_question_only_with_audit_reason" time="0.694" /><testcase classname="backend.tests.test_mock_api" name="test_notification_read_items_and_agent_run_sse_contract" time="0.440" /><testcase classname="backend.tests.test_mock_api" name="test_agent_run_stops_for_clarification_and_hides_internal_failure" time="0.026" /><testcase classname="backend.tests.test_mock_api" name="test_expired_session_uses_common_error_code" time="0.335" /><testcase classname="backend.tests.test_post_result_save_apis" name="test_legal_term_run_store_keeps_answer_server_side_and_checks_owner" time="0.004" /><testcase classname="backend.tests.test_post_result_save_apis" name="test_completed_agent_run_save_uses_verified_server_run" time="0.002" /><testcase classname="backend.tests.test_post_result_save_apis" name="test_legal_term_save_api_uses_cached_answer_not_frontend_payload" time="0.002" /><testcase classname="backend.tests.test_saved_conversation_service" name="test_member_response_uses_authenticated_users_id_and_request_id" time="0.003" /><testcase classname="backend.tests.test_saved_conversation_service" name="test_guest_cannot_save_or_restore_a_member_conversation" time="0.003" /><testcase classname="backend.tests.test_saved_conversation_service" name="test_context_is_limited_to_first_and_recent_turns_with_character_cap" time="0.002" /><testcase classname="backend.tests.test_saved_conversation_service" name="test_snapshot_uses_the_numeric_contract_version_required_by_db" time="0.001" /><testcase classname="backend.tests.test_saved_history_contract" name="test_history_list_item_matches_frontend_type_contract" time="0.001" /><testcase classname="backend.tests.test_saved_history_contract" name="test_history_snapshot_json_string_is_restored" time="0.001" /><testcase classname="backend.tests.test_saved_history_contract" name="test_term_history_detail_returns_messages_and_analysis_detail_returns_result" time="0.002" /><testcase classname="backend.tests.test_saved_history_contract" name="test_guest_history_contains_type_and_type_specific_detail" time="0.001" /><testcase classname="frontend.tests.test_agent_stream" name="test_preview_preserves_full_analysis_and_limits_length" time="0.002" /><testcase classname="frontend.tests.test_agent_stream" name="test_parser_heartbeat_multiline_and_incomplete_frame" time="0.000" /><testcase classname="frontend.tests.test_agent_stream" name="test_reconnect_deduplicates_and_sends_last_event_id" time="0.001" /><testcase classname="frontend.tests.test_agent_stream" name="test_snapshot_recovers_completed_or_clarification_without_stream" time="0.001" /><testcase classname="frontend.tests.test_agent_stream" name="test_failed_and_invalid_final_response" time="0.001" /><testcase classname="frontend.tests.test_agent_stream" name="test_reconnection_limit" time="0.001" /><testcase classname="frontend.tests.test_api_community_ui_helpers" name="test_questions_are_pending_first_and_newest_within_status" time="0.001" /><testcase classname="frontend.tests.test_api_legal_service" name="test_api_service_analyzes_and_adapts_evidence" time="0.001" /><testcase classname="frontend.tests.test_api_legal_service" name="test_api_service_calls_search_and_catalog_endpoints" time="0.001" /><testcase classname="frontend.tests.test_api_legal_service" name="test_factory_selects_api_service" time="0.001" /><testcase classname="frontend.tests.test_backend_client" name="test_extract_api_error_reads_fastapi_detail" time="0.001" /><testcase classname="frontend.tests.test_backend_client" name="test_ask_question_rejects_contract_mismatch" time="0.001" /><testcase classname="frontend.tests.test_backend_client" name="test_auth_headers_use_token_or_guest_id" time="0.001" /><testcase classname="frontend.tests.test_backend_client" name="test_request_accepts_empty_204_response" time="0.002" /><testcase classname="frontend.tests.test_backend_client" name="test_admin_question_delete_sends_reason" time="0.001" /><testcase classname="frontend.tests.test_backend_client" name="test_owner_question_delete_sends_password_without_admin_reason" time="0.000" /><testcase classname="frontend.tests.test_backend_client" name="test_agent_run_create_sends_idempotency_key" time="0.000" /><testcase classname="frontend.tests.test_community_ui" name="test_public_question_board_paginates" time="2.841" /><testcase classname="frontend.tests.test_community_ui" name="test_guest_can_create_and_edit_own_pending_question" time="1.168" /><testcase classname="frontend.tests.test_community_ui" name="test_guest_can_unlock_and_delete_own_question" time="0.930" /><testcase classname="frontend.tests.test_community_ui" name="test_question_title_is_public_but_content_requires_owner_password" time="1.055" /><testcase classname="frontend.tests.test_community_ui" name="test_guest_can_create_public_question_and_comment_with_password" time="0.939" /><testcase classname="frontend.tests.test_community_ui" name="test_admin_role_exposes_admin_faq_screen" time="0.916" /><testcase classname="frontend.tests.test_community_ui" name="test_unified_history_contains_analysis_and_own_questions" time="1.160" /><testcase classname="frontend.tests.test_consultations" name="test_consultation_only_response_is_valid_visible_and_exportable" time="0.488" /><testcase classname="frontend.tests.test_consultations" name="test_legacy_response_without_consultations_stays_compatible" time="0.005" /><testcase classname="frontend.tests.test_evidence_presentation" name="test_unified_card_preview_and_full_detail[law]" time="0.540" /><testcase classname="frontend.tests.test_evidence_presentation" name="test_unified_card_preview_and_full_detail[case]" time="0.467" /><testcase classname="frontend.tests.test_evidence_presentation" name="test_unified_card_preview_and_full_detail[consultation]" time="0.470" /><testcase classname="frontend.tests.test_evidence_presentation" name="test_sse_messages_never_echo_internal_message" time="0.001" /><testcase classname="frontend.tests.test_evidence_sections" name="test_collapsed_sections_contain_collapsed_details[0]" time="0.483" /><testcase classname="frontend.tests.test_evidence_sections" name="test_collapsed_sections_contain_collapsed_details[1]" time="0.566" /><testcase classname="frontend.tests.test_evidence_sections" name="test_collapsed_sections_contain_collapsed_details[3]" time="0.582" /><testcase classname="frontend.tests.test_followup_section_order" name="test_followup_position_and_absence[completed-questions0]" time="0.444" /><testcase classname="frontend.tests.test_followup_section_order" name="test_followup_position_and_absence[completed-questions1]" time="0.425" /><testcase classname="frontend.tests.test_followup_section_order" name="test_followup_position_and_absence[needs_clarification-questions2]" time="0.413" /><testcase classname="frontend.tests.test_full_user_flow" name="test_all_local_frontend_features_render" time="0.987" /><testcase classname="frontend.tests.test_input_assessment" name="test_sync_and_sse_preserve_assessment[None]" time="0.001" /><testcase classname="frontend.tests.test_input_assessment" name="test_sync_and_sse_preserve_assessment[sufficient]" time="0.001" /><testcase classname="frontend.tests.test_input_assessment" name="test_sync_and_sse_preserve_assessment[proceed_with_caution]" time="0.002" /><testcase classname="frontend.tests.test_input_assessment" name="test_sync_and_sse_preserve_assessment[needs_clarification]" time="0.002" /><testcase classname="frontend.tests.test_input_assessment" name="test_invalid_contract_rejected[assessment0]" time="0.001" /><testcase classname="frontend.tests.test_input_assessment" name="test_invalid_contract_rejected[bad]" time="0.001" /><testcase classname="frontend.tests.test_input_assessment" name="test_invalid_contract_rejected[assessment2]" time="0.001" /><testcase classname="frontend.tests.test_input_assessment" name="test_invalid_contract_rejected[assessment3]" time="0.001" /><testcase classname="frontend.tests.test_input_assessment" name="test_assessment_ui[sufficient]" time="0.450" /><testcase classname="frontend.tests.test_input_assessment" name="test_assessment_ui[proceed_with_caution]" time="0.427" /><testcase classname="frontend.tests.test_input_assessment" name="test_assessment_ui[needs_clarification]" time="0.396" /><testcase classname="frontend.tests.test_input_assessment" name="test_quality_removed_and_minimum_preserved" time="0.432" /><testcase classname="frontend.tests.test_input_assessment" name="test_validation_message_hides_raw_text" time="0.001" /><testcase classname="frontend.tests.test_input_assessment" name="test_clarification_followup_combines_and_limits[False]" time="0.481" /><testcase classname="frontend.tests.test_input_assessment" name="test_clarification_followup_combines_and_limits[True]" time="0.626" /><testcase classname="frontend.tests.test_input_checklist" name="test_zero_not_required_hidden" time="0.473" /><testcase classname="frontend.tests.test_input_checklist" name="test_backend_checks_display[sufficient]" time="0.449" /><testcase classname="frontend.tests.test_input_checklist" name="test_backend_checks_display[proceed_with_caution]" time="0.450" /><testcase classname="frontend.tests.test_input_checklist" name="test_backend_checks_display[needs_clarification]" time="0.557" /><testcase classname="frontend.tests.test_input_checklist" name="test_missing_or_stale_never_infers_checks[None-question-consumer]" time="0.457" /><testcase classname="frontend.tests.test_input_checklist" name="test_missing_or_stale_never_infers_checks[result1-question-consumer]" time="0.401" /><testcase classname="frontend.tests.test_input_checklist" name="test_missing_or_stale_never_infers_checks[result2-question-consumer]" time="0.517" /><testcase classname="frontend.tests.test_input_checklist" name="test_missing_or_stale_never_infers_checks[result3-question-consumer]" time="0.344" /><testcase classname="frontend.tests.test_input_checklist" name="test_invalid_checks[checks0]" time="0.001" /><testcase classname="frontend.tests.test_input_checklist" name="test_invalid_checks[checks1]" time="0.001" /><testcase classname="frontend.tests.test_input_checklist" name="test_invalid_checks[checks2]" time="0.001" /><testcase classname="frontend.tests.test_input_checklist" name="test_checks_survive_sync_sse_and_adapter" time="0.001" /><testcase classname="frontend.tests.test_integration_smoke_test" name="test_team_connection_checks_cover_all_services" time="0.001" /><testcase classname="frontend.tests.test_integration_smoke_test" name="test_http_check_returns_failure_without_raising" time="0.001" /><testcase classname="frontend.tests.test_mock_agent_workflow" name="test_workflow_has_expected_user_visible_order" time="0.000" /><testcase classname="frontend.tests.test_mock_agent_workflow" name="test_mock_error_scenarios_have_actionable_error[backend_error]" time="0.001" /><testcase classname="frontend.tests.test_mock_agent_workflow" name="test_mock_error_scenarios_have_actionable_error[mcp_error]" time="0.001" /><testcase classname="frontend.tests.test_mock_agent_workflow" name="test_mock_error_scenarios_have_actionable_error[db_error]" time="0.001" /><testcase classname="frontend.tests.test_mock_agent_workflow" name="test_mock_error_scenarios_have_actionable_error[timeout]" time="0.001" /><testcase classname="frontend.tests.test_mock_agent_workflow" name="test_mock_error_scenarios_have_actionable_error[invalid_response]" time="0.001" /><testcase classname="frontend.tests.test_mock_agent_workflow" name="test_mock_error_scenarios_have_actionable_error[cancelled]" time="0.001" /><testcase classname="frontend.tests.test_mock_agent_workflow" name="test_empty_result_scenarios_do_not_invent_evidence[no_results-no_results]" time="0.001" /><testcase classname="frontend.tests.test_mock_agent_workflow" name="test_empty_result_scenarios_do_not_invent_evidence[no_evidence-no_evidence]" time="0.001" /><testcase classname="frontend.tests.test_mock_agent_workflow" name="test_mock_evaluation_compares_expected_and_actual" time="0.001" /><testcase classname="frontend.tests.test_mock_agent_workflow" name="test_every_scenario_has_a_visible_label" time="0.001" /><testcase classname="frontend.tests.test_mock_auth_service" name="test_demo_member_and_admin_can_login_without_exposing_password" time="0.001" /><testcase classname="frontend.tests.test_mock_auth_service" name="test_login_rejects_wrong_credentials" time="0.001" /><testcase classname="frontend.tests.test_mock_auth_service" name="test_password_validation[short-expected0]" time="0.001" /><testcase classname="frontend.tests.test_mock_auth_service" name="test_password_validation[onlyletters-expected1]" time="0.001" /><testcase classname="frontend.tests.test_mock_auth_service" name="test_password_validation[Letters123-expected2]" time="0.001" /><testcase classname="frontend.tests.test_mock_auth_service" name="test_signup_validates_and_stores_only_mock_hash" time="0.001" /><testcase classname="frontend.tests.test_mock_auth_service" name="test_signup_rejects_invalid_input[changes0-\uc774\uba54\uc77c \ud615\uc2dd]" time="0.001" /><testcase classname="frontend.tests.test_mock_auth_service" name="test_signup_rejects_invalid_input[changes1-\ub2c9\ub124\uc784]" time="0.001" /><testcase classname="frontend.tests.test_mock_auth_service" name="test_signup_rejects_invalid_input[changes2-\uc77c\uce58\ud558\uc9c0]" time="0.001" /><testcase classname="frontend.tests.test_mock_auth_service" name="test_signup_rejects_invalid_input[changes3-\ub3d9\uc758]" time="0.001" /><testcase classname="frontend.tests.test_mock_auth_service" name="test_password_reset_response_does_not_reveal_account_existence" time="0.001" /><testcase classname="frontend.tests.test_mock_auth_ui" name="test_demo_accounts_are_copyable_in_mock_and_api_login" time="0.795" /><testcase classname="frontend.tests.test_mock_auth_ui" name="test_member_login_and_logout_flow" time="0.645" /><testcase classname="frontend.tests.test_mock_auth_ui" name="test_signup_logs_in_new_mock_member" time="0.505" /><testcase classname="frontend.tests.test_mock_auth_ui" name="test_admin_login_exposes_admin_menu_and_guest_cannot_see_it" time="0.706" /><testcase classname="frontend.tests.test_mock_auth_ui" name="test_invalid_login_keeps_guest_role" time="0.530" /><testcase classname="frontend.tests.test_mock_checklist_audit" name="test_checklist_normal_analysis_and_evidence_render" time="0.698" /><testcase classname="frontend.tests.test_mock_checklist_audit" name="test_checklist_error_then_retry_success" time="0.902" /><testcase classname="frontend.tests.test_mock_checklist_audit" name="test_checklist_no_evidence_does_not_render_invented_sources" time="0.782" /><testcase classname="frontend.tests.test_mock_checklist_audit" name="test_checklist_follow_up_and_new_analysis" time="0.931" /><testcase classname="frontend.tests.test_mock_community_service" name="test_questions_are_sorted_pending_first_then_latest_and_paginated" time="0.001" /><testcase classname="frontend.tests.test_mock_community_service" name="test_page_is_corrected_when_requested_page_is_out_of_range" time="0.001" /><testcase classname="frontend.tests.test_mock_community_service" name="test_board_filters_titles_of_public_and_private_questions" time="0.001" /><testcase classname="frontend.tests.test_mock_community_service" name="test_guest_question_has_expiry_and_member_question_does_not" time="0.001" /><testcase classname="frontend.tests.test_mock_community_service" name="test_search_reads_public_content_but_not_private_content" time="0.000" /><testcase classname="frontend.tests.test_mock_community_service" name="test_public_and_private_question_access_rules" time="0.001" /><testcase classname="frontend.tests.test_mock_community_service" name="test_guest_comment_password_and_comment_crud_permissions" time="0.001" /><testcase classname="frontend.tests.test_mock_legal_service" name="test_analyze_case_returns_selected_category_only" time="0.001" /><testcase classname="frontend.tests.test_mock_legal_service" name="test_law_search_filters_by_keyword" time="0.001" /><testcase classname="frontend.tests.test_mock_legal_service" name="test_case_search_returns_empty_for_unknown_keyword" time="0.000" /><testcase classname="frontend.tests.test_mock_legal_service" name="test_analysis_rejects_short_question[]" time="0.001" /><testcase classname="frontend.tests.test_mock_legal_service" name="test_analysis_rejects_short_question[\uc9e7\uc74c]" time="0.001" /><testcase classname="frontend.tests.test_mock_legal_service" name="test_unknown_category_is_rejected" time="0.001" /><testcase classname="frontend.tests.test_mock_legal_service" name="test_term_search_filters_name_and_description" time="0.001" /><testcase classname="frontend.tests.test_mock_notification_service" name="test_notification_lifecycle" time="0.001" /><testcase classname="frontend.tests.test_mock_notification_service" name="test_delete_only_selected_notification" time="0.001" /><testcase classname="frontend.tests.test_mock_notification_service" name="test_notification_rejects_unknown_severity" time="0.001" /><testcase classname="frontend.tests.test_mock_notification_ui" name="test_analysis_creates_notification_and_read_delete_actions_work" time="1.044" /><testcase classname="frontend.tests.test_mock_notification_ui" name="test_error_analysis_creates_error_notification" time="0.892" /><testcase classname="frontend.tests.test_mock_notification_ui" name="test_notification_target_opens_related_question_screen" time="1.102" /><testcase classname="frontend.tests.test_pdf_export" name="test_pdf_full_korean_content" time="0.279" /><testcase classname="frontend.tests.test_pdf_export" name="test_pdf_empty_result" time="0.019" /><testcase classname="frontend.tests.test_progress_and_scores" name="test_html_paragraphs_preserve_and_escape" time="0.001" /><testcase classname="frontend.tests.test_progress_and_scores" name="test_readability_preserves_words_and_dates" time="0.000" /><testcase classname="frontend.tests.test_progress_and_scores" name="test_search_stages_independent_of_order_and_duplicates" time="0.001" /><testcase classname="frontend.tests.test_progress_and_scores" name="test_score_label[None-\uad00\ub828\ub3c4 \ubbf8\uc81c\uacf5]" time="0.001" /><testcase classname="frontend.tests.test_progress_and_scores" name="test_score_label[0-\uac80\uc0c9 \uc810\uc218 0.000]" time="0.001" /><testcase classname="frontend.tests.test_progress_and_scores" name="test_score_label[0.8234-\uac80\uc0c9 \uc810\uc218 0.823]" time="0.001" /><testcase classname="frontend.tests.test_progress_and_scores" name="test_score_label[1-\uac80\uc0c9 \uc810\uc218 1.000]" time="0.001" /><testcase classname="frontend.tests.test_progress_and_scores" name="test_score_label[True-\uad00\ub828\ub3c4 \ubbf8\uc81c\uacf5]" time="0.001" /><testcase classname="frontend.tests.test_progress_and_scores" name="test_score_label[nan-\uad00\ub828\ub3c4 \ubbf8\uc81c\uacf5]" time="0.001" /><testcase classname="frontend.tests.test_progress_and_scores" name="test_score_label[-1-\uad00\ub828\ub3c4 \ubbf8\uc81c\uacf5]" time="0.001" /><testcase classname="frontend.tests.test_progress_and_scores" name="test_missing_score_not_zero" time="0.001" /><testcase classname="frontend.tests.test_progress_and_scores" name="test_progress_monotonic_and_not_completed_by_events" time="0.001" /><testcase classname="frontend.tests.test_representative_questions" name="test_button_loads_exact_question[housing-\uc8fc\ud0dd \uc784\ub300\ucc28 \uacc4\uc57d\uc774 \ub05d\ub0ac\ub294\ub370 \uc784\ub300\uc778\uc774 \ubcf4\uc99d\uae08\uc744 \ub3cc\ub824\uc8fc\uc9c0 \uc54a\uc2b5\ub2c8\ub2e4. \uc5b4\ub5a4 \ubc95 \uc870\ubb38\uc744 \ud655\uc778\ud574\uc57c \ud558\ub098\uc694?]" time="0.471" /><testcase classname="frontend.tests.test_representative_questions" name="test_button_loads_exact_question[labor-\ud1f4\uc9c1\ud588\ub294\ub370 \ud68c\uc0ac\uac00 \ud1f4\uc9c1\uae08\uc744 \uc9c0\uae09\ud558\uc9c0 \uc54a\uc2b5\ub2c8\ub2e4. \ud1f4\uc9c1\uae08 \uc9c0\uae09 \uae30\ud55c\uacfc \uad00\ub828 \ubc95 \uc870\ubb38\uc744 \uc54c\ub824\uc8fc\uc138\uc694.]" time="0.374" /><testcase classname="frontend.tests.test_representative_questions" name="test_button_loads_exact_question[consumer-\uc2e0\uc6a9\uce74\ub4dc \uc77c\uc2dc\ubd88 \uacb0\uc81c \ud6c4 \ud560\ubd80\ub85c \uc804\ud658\ud588\ub294\ub370 \ubb3c\uac74\uc774 \ubc30\uc1a1\ub418\uc9c0 \uc54a\uc558\uc2b5\ub2c8\ub2e4. \uce74\ub4dc\uc0ac\uc5d0 \ud560\ubd80\ud56d\ubcc0\uad8c\uc744 \ud589\uc0ac\ud560 \uc218 \uc788\ub098\uc694?]" time="0.336" /><testcase classname="frontend.tests.test_result_export" name="test_build_analysis_markdown_contains_user_visible_sections" time="0.001" /><testcase classname="frontend.tests.test_search_pages" name="test_search_endpoint_contract[laws-law]" time="0.001" /><testcase classname="frontend.tests.test_search_pages" name="test_search_endpoint_contract[consultations-consultation]" time="0.001" /><testcase classname="frontend.tests.test_search_pages" name="test_search_endpoint_contract[cases-case]" time="0.001" /><testcase classname="frontend.tests.test_search_pages" name="test_invalid_response_is_not_an_empty_result[change0]" time="0.001" /><testcase classname="frontend.tests.test_search_pages" name="test_invalid_response_is_not_an_empty_result[change1]" time="0.001" /><testcase classname="frontend.tests.test_search_pages" name="test_invalid_response_is_not_an_empty_result[change2]" time="0.001" /><testcase classname="frontend.tests.test_search_pages" name="test_invalid_response_is_not_an_empty_result[change3]" time="0.001" /><testcase classname="frontend.tests.test_search_pages" name="test_invalid_response_is_not_an_empty_result[change4]" time="0.001" /><testcase classname="frontend.tests.test_search_pages" name="test_invalid_response_is_not_an_empty_result[change5]" time="0.001" /><testcase classname="frontend.tests.test_search_pages" name="test_wrong_type_and_legacy_stub_rejected" time="0.001" /><testcase classname="frontend.tests.test_search_pages" name="test_empty_and_error_are_distinct" time="0.001" /><testcase classname="frontend.tests.test_search_pages" name="test_validation_before_network" time="0.002" /><testcase classname="frontend.tests.test_search_pages" name="test_six_navigation_items" time="0.008" /><testcase classname="frontend.tests.test_search_pages" name="test_category_change_and_legacy_navigation" time="0.005" /><testcase classname="frontend.tests.test_search_pages" name="test_search_page_clears_stale_results_and_displays_source" time="0.454" /><testcase classname="frontend.tests.test_sidebar_css" name="test_sidebar_and_reopen_control_are_removed" time="0.001" /><testcase classname="frontend.tests.test_sidebar_css" name="test_small_screen_layout_has_wrapping_rules" time="0.001" /><testcase classname="frontend.tests.test_sidebar_css" name="test_tablet_header_and_columns_wrap_before_text_becomes_too_narrow" time="0.001" /><testcase classname="frontend.tests.test_sidebar_css" name="test_question_board_has_status_and_visibility_design_tokens" time="0.003" /><testcase classname="frontend.tests.test_sidebar_css" name="test_global_bordered_container_does_not_render_gradient_like_shadow" time="0.002" /><testcase classname="frontend.tests.test_storage_workflows" name="test_save_headers_and_sync_sse_agree[None-True-False]" time="0.001" /><testcase classname="frontend.tests.test_storage_workflows" name="test_save_headers_and_sync_sse_agree[token-True-True]" time="0.002" /><testcase classname="frontend.tests.test_storage_workflows" name="test_save_headers_and_sync_sse_agree[token-False-False]" time="0.003" /><testcase classname="frontend.tests.test_storage_workflows" name="test_storage_metadata_survives_final_snapshot" time="0.002" /><testcase classname="frontend.tests.test_storage_workflows" name="test_guest_expiry_and_bad_contract" time="0.001" /><testcase classname="frontend.tests.test_storage_workflows" name="test_history_failure_isolation_and_read_only_detail" time="0.412" /><testcase classname="frontend.tests.test_storage_workflows" name="test_same_id_different_kind_delete_requires_confirmation" time="0.372" /><testcase classname="frontend.tests.test_storage_workflows" name="test_auth_login_and_expiration_clear_private_state" time="0.397" /><testcase classname="frontend.tests.test_storage_workflows" name="test_pending_run_keeps_original_save_choice" time="0.300" /><testcase classname="frontend.tests.test_storage_workflows" name="test_stream_error_body_can_be_read" time="0.001" /><testcase classname="frontend.tests.test_terms_context" name="test_context_is_bounded_and_current_question_is_preserved" time="0.000" /><testcase classname="frontend.tests.test_terms_context" name="test_chat_reuses_conversation_and_preserves_analysis" time="0.302" /><testcase classname="frontend.tests.test_top_navigation" name="test_top_navigation_preserves_analysis_and_has_no_sidebar" time="0.697" /><testcase classname="frontend.tests.test_top_navigation" name="test_source_metadata_never_rendered_or_exported" time="0.366" /><testcase classname="tests.contract.test_mock_contract" name="test_mcp_items_match_backend_legal_document_contract" time="0.001" /><testcase classname="tests.contract.test_service_contracts" name="test_question_request_contract" time="0.001" /><testcase classname="tests.contract.test_service_contracts" name="test_backend_and_frontend_share_response_contract" time="0.001" /><testcase classname="tests.contract.test_service_contracts" name="test_mcp_tool_result_contracts" time="0.002" /><testcase classname="tests.integration.test_frontend_backend_live" name="test_backend_health_and_required_contract" time="0.001"><skipped type="pytest.skip" message="실제 Frontend-Backend 통합 검사는 명시적으로 실행합니다.">C:\miniProject\aio-01-p2-team2\output\evaluation\20260910-develop\source\tests\integration\test_frontend_backend_live.py:26: 실제 Frontend-Backend 통합 검사는 명시적으로 실행합니다.</skipped></testcase><testcase classname="tests.integration.test_frontend_backend_live" name="test_api_mode_full_legal_ui_flow" time="0.000"><skipped type="pytest.skip" message="실제 Frontend-Backend 통합 검사는 명시적으로 실행합니다.">C:\miniProject\aio-01-p2-team2\output\evaluation\20260910-develop\source\tests\integration\test_frontend_backend_live.py:36: 실제 Frontend-Backend 통합 검사는 명시적으로 실행합니다.</skipped></testcase><testcase classname="tests.integration.test_frontend_backend_live" name="test_auth_and_guest_community_crud" time="0.000"><skipped type="pytest.skip" message="실제 Frontend-Backend 통합 검사는 명시적으로 실행합니다.">C:\miniProject\aio-01-p2-team2\output\evaluation\20260910-develop\source\tests\integration\test_frontend_backend_live.py:74: 실제 Frontend-Backend 통합 검사는 명시적으로 실행합니다.</skipped></testcase><testcase classname="tests.integration.test_frontend_backend_live" name="test_admin_faq_crud" time="0.000"><skipped type="pytest.skip" message="실제 Frontend-Backend 통합 검사는 명시적으로 실행합니다.">C:\miniProject\aio-01-p2-team2\output\evaluation\20260910-develop\source\tests\integration\test_frontend_backend_live.py:116: 실제 Frontend-Backend 통합 검사는 명시적으로 실행합니다.</skipped></testcase><testcase classname="tests.test_evaluation_dataset" name="test_evaluation_distribution_and_ids" time="0.001" /></testsuite></testsuites>